<?xml version="1.0" encoding="UTF-8"?>
<!-- Generated by org.testng.reporters.JUnitReportReporter -->
<testsuite skipped="0" hostname="LAPTOP-GRM54025" name="com.test.web.TestNgTest" tests="2" failures="0" timestamp="21 Mar 2021 10:17:21 GMT" time="18.052" errors="0">
  <testcase name="test1" time="9.049" classname="com.test.web.TestNgTest"/>
  <testcase name="test2" time="9.003" classname="com.test.web.TestNgTest"/>
</testsuite> <!-- com.test.web.TestNgTest -->
