<?xml version="1.0" encoding="UTF-8"?>
<!-- Generated by org.testng.reporters.JUnitReportReporter -->
<testsuite skipped="0" hostname="LAPTOP-GRM54025" name="TestNgTest" tests="1" failures="0" timestamp="21 Mar 2021 09:56:34 GMT" time="4.468" errors="0">
  <testcase name="test1" time="4.468" classname="TestNgTest"/>
</testsuite> <!-- TestNgTest -->
